2020-11-17 14:30:25,592 : WARN  : main :  : Node : File Reader : 3:1 : Missing settings. Please configure the node.
2020-11-17 14:51:19,997 : WARN  : main :  : Node : Partitioning : 3:2 : No sampling method selected
2020-11-17 14:53:49,885 : WARN  : KNIME-Worker-25-Scatter Plot 3:3 :  : Node : Scatter Plot : 3:3 : Only the first 2500 rows are displayed.
2020-11-17 14:54:09,687 : WARN  : KNIME-Worker-26-Scatter Plot 3:3 :  : Node : Scatter Plot : 3:3 : Only the first 2500 rows are displayed.
2020-11-17 14:55:24,787 : WARN  : main :  : Node : Normalizer : 3:4 : Auto-configure: [0, 1] normalization on all numeric columns: "Label", "periods", "slashes",  ... <7 more>
2020-11-17 14:55:43,018 : WARN  : KNIME-Worker-47-Scatter Plot 3:3 :  : Node : Scatter Plot : 3:3 : Only the first 2500 rows are displayed.
2020-11-17 14:59:07,331 : WARN  : main :  : Node : Color Manager : 3:5 : No column selected and no categorical column available.
2020-11-17 14:59:37,619 : WARN  : KNIME-Worker-53-Scatter Plot 3:3 :  : Node : Scatter Plot : 3:3 : Only the first 2500 rows are displayed.
2020-11-17 15:01:53,489 : WARN  : main :  : Node : Partitioning : 3:8 : No sampling method selected
2020-11-17 15:02:01,568 : WARN  : main :  : Node : K Nearest Neighbor : 3:7 : Auto-selected column 'Label' as class column.
2020-11-17 15:02:11,219 : WARN  : main :  : Node : Scorer : 3:9 : No columns selected yet.
2020-11-17 15:02:45,078 : WARN  : main :  : Node : Scorer : 3:10 : No columns selected yet.
2020-11-17 15:02:53,711 : WARN  : main :  : WrappedNodeDialog : Scorer : 3:10 : failed to apply settings: First and second column cannot be the same.
org.knime.core.node.InvalidSettingsException: First and second column cannot be the same.
	at org.knime.base.node.mine.scorer.accuracy.AccuracyScorer2NodeDialog.saveSettingsTo(AccuracyScorer2NodeDialog.java:349)
	at org.knime.core.node.NodeDialogPane.internalSaveSettingsTo(NodeDialogPane.java:532)
	at org.knime.core.node.NodeDialogPane$5.run(NodeDialogPane.java:769)
	at org.knime.core.node.util.ViewUtils$3.run(ViewUtils.java:353)
	at org.knime.core.node.util.ViewUtils$2.run(ViewUtils.java:155)
	at java.awt.event.InvocationEvent.dispatch(InvocationEvent.java:311)
	at java.awt.EventQueue.dispatchEventImpl(EventQueue.java:758)
	at java.awt.EventQueue.access$500(EventQueue.java:97)
	at java.awt.EventQueue$3.run(EventQueue.java:709)
	at java.awt.EventQueue$3.run(EventQueue.java:703)
	at java.security.AccessController.doPrivileged(Native Method)
	at java.security.ProtectionDomain$JavaSecurityAccessImpl.doIntersectionPrivilege(ProtectionDomain.java:74)
	at java.awt.EventQueue.dispatchEvent(EventQueue.java:728)
	at java.awt.EventDispatchThread.pumpOneEventForFilters(EventDispatchThread.java:205)
	at java.awt.EventDispatchThread.pumpEventsForFilter(EventDispatchThread.java:116)
	at java.awt.EventDispatchThread.pumpEventsForHierarchy(EventDispatchThread.java:105)
	at java.awt.EventDispatchThread.pumpEvents(EventDispatchThread.java:101)
	at java.awt.EventDispatchThread.pumpEvents(EventDispatchThread.java:93)
	at java.awt.EventDispatchThread.run(EventDispatchThread.java:82)
2020-11-17 15:04:40,836 : WARN  : KNIME-Worker-59-Statistics 3:10 :  : Node : Statistics : 3:10 : Maximum number of unique possible values (1000) exceeds for column(s): "Row"
2020-11-17 15:06:51,122 : WARN  : KNIME-Worker-89-Scatter Plot 3:3 :  : Node : Scatter Plot : 3:3 : Only the first 2500 rows are displayed.
2020-11-17 16:51:04,483 : WARN  : main :  : Node : Normalizer : 3:14 : Auto-configure: [0, 1] normalization on all numeric columns: "Row", "Label", "periods",  ... <8 more>
2020-11-17 16:51:37,092 : WARN  : main :  : Node : Numeric Distances : 3:15 : Guessing columns: '"Row", "Label", "periods", "slashes",  ... <7 more>' and
Standard Distance (Euclidean/ Manhattan).
2020-11-17 16:52:43,204 : WARN  : KNIME-Worker-113-DBSCAN 3:13 :  : Node : DBSCAN : 3:13 : Execution canceled
2020-11-17 16:54:32,732 : WARN  : main :  : Node : Partitioning : 3:17 : No sampling method selected
2020-11-17 16:59:30,411 : WARN  : main :  : Node : Color Manager : 3:18 : Column "Label" not found.
2020-11-17 17:00:00,844 : WARN  : KNIME-Worker-123-Scatter Plot 3:19 :  : Node : Scatter Plot : 3:19 : Only the first 2500 rows are displayed.
2020-11-17 17:00:52,654 : WARN  : main :  : Node : Color Manager : 3:18 : Column "Cluster" has no nominal values set: execute predecessor or add Binner.
2020-11-17 17:00:53,234 : WARN  : main :  : Node : Color Manager : 3:18 : Column "Cluster" has no nominal values set: execute predecessor or add Binner.
2020-11-17 17:02:17,369 : WARN  : KNIME-Worker-126-DBSCAN 3:13 :  : Node : Color Manager : 3:18 : Color mapping does not match possible values.
2020-11-17 17:02:49,028 : WARN  : KNIME-Worker-128-Scatter Plot 3:19 :  : Node : Scatter Plot : 3:19 : Only the first 2500 rows are displayed.
2020-11-17 17:23:52,670 : WARN  : main :  : Node : Color Manager : 3:18 : Column "Cluster" has no nominal values set: execute predecessor or add Binner.
2020-11-17 17:23:53,799 : WARN  : main :  : Node : Color Manager : 3:18 : Column "Cluster" has no nominal values set: execute predecessor or add Binner.
2020-11-17 17:24:01,152 : WARN  : KNIME-Worker-143-PCA 3:2 :  : Node : Color Manager : 3:18 : Column "Cluster" has no nominal values set: execute predecessor or add Binner.
2020-11-17 17:24:01,154 : WARN  : KNIME-Worker-150-Scatter Plot 3:3 :  : Node : Scatter Plot : 3:3 : Only the first 2500 rows are displayed.
2020-11-17 17:25:48,126 : WARN  : KNIME-Worker-167-Scatter Plot 3:19 :  : Node : Scatter Plot : 3:19 : Only the first 2500 rows are displayed.
